Compiling the C compiler identification source file "CMakeCCompilerId.c" failed.
Compiler: C:/gnu_arm_embedded/bin/arm-none-eabi-gcc.exe 
Build flags: ;-mcpu=cortex-m3;-mthumb;-fmessage-length=0;-fsigned-char;-ffunction-sections;-fdata-sections;-ffreestanding;-flto;-fno-move-loop-invariants;-Wall;-Wextra;
Id flags:  

The output was:
1
c:/gnu_arm_embedded/bin/../lib/gcc/arm-none-eabi/9.2.1/../../../../arm-none-eabi/bin/ld.exe: c:/gnu_arm_embedded/bin/../lib/gcc/arm-none-eabi/9.2.1/../../../../arm-none-eabi/lib/thumb/v7-m/nofp\libc.a(lib_a-exit.o): in function `exit':
exit.c:(.text.exit+0x16): undefined reference to `_exit'
collect2.exe: error: ld returned 1 exit status


The C compiler identification could not be found in "D:/Projects/vsc/boot/build/CMakeFiles/3.16.1/CompilerIdC/CMakeCCompilerId.o"

Compiling the C compiler identification source file "CMakeCCompilerId.c" failed.
Compiler: C:/gnu_arm_embedded/bin/arm-none-eabi-gcc.exe 
Build flags: ;-mcpu=cortex-m3;-mthumb;-fmessage-length=0;-fsigned-char;-ffunction-sections;-fdata-sections;-ffreestanding;-flto;-fno-move-loop-invariants;-Wall;-Wextra;
Id flags: -Aa 

The output was:
1
<command-line>: error: missing '(' after predicate


Compiling the C compiler identification source file "CMakeCCompilerId.c" failed.
Compiler: C:/gnu_arm_embedded/bin/arm-none-eabi-gcc.exe 
Build flags: ;-mcpu=cortex-m3;-mthumb;-fmessage-length=0;-fsigned-char;-ffunction-sections;-fdata-sections;-ffreestanding;-flto;-fno-move-loop-invariants;-Wall;-Wextra;
Id flags: -D__CLASSIC_C__ 

The output was:
1
c:/gnu_arm_embedded/bin/../lib/gcc/arm-none-eabi/9.2.1/../../../../arm-none-eabi/bin/ld.exe: c:/gnu_arm_embedded/bin/../lib/gcc/arm-none-eabi/9.2.1/../../../../arm-none-eabi/lib/thumb/v7-m/nofp\libc.a(lib_a-exit.o): in function `exit':
exit.c:(.text.exit+0x16): undefined reference to `_exit'
collect2.exe: error: ld returned 1 exit status


Compiling the C compiler identification source file "CMakeCCompilerId.c" failed.
Compiler: C:/gnu_arm_embedded/bin/arm-none-eabi-gcc.exe 
Build flags: ;-mcpu=cortex-m3;-mthumb;-fmessage-length=0;-fsigned-char;-ffunction-sections;-fdata-sections;-ffreestanding;-flto;-fno-move-loop-invariants;-Wall;-Wextra;
Id flags: --target=arm-arm-none-eabi;-mcpu=cortex-m3 

The output was:
1
arm-none-eabi-gcc.exe: error: unrecognized command line option '--target=arm-arm-none-eabi'


Compiling the C compiler identification source file "CMakeCCompilerId.c" failed.
Compiler: C:/gnu_arm_embedded/bin/arm-none-eabi-gcc.exe 
Build flags: 
Id flags:  

The output was:
1
c:/gnu_arm_embedded/bin/../lib/gcc/arm-none-eabi/9.2.1/../../../../arm-none-eabi/bin/ld.exe: c:/gnu_arm_embedded/bin/../lib/gcc/arm-none-eabi/9.2.1/../../../../arm-none-eabi/lib\libc.a(lib_a-exit.o): in function `exit':
exit.c:(.text.exit+0x2c): undefined reference to `_exit'
collect2.exe: error: ld returned 1 exit status


Compiling the CXX compiler identification source file "CMakeCXXCompilerId.cpp" failed.
Compiler: C:/gnu_arm_embedded/bin/arm-none-eabi-g++.exe 
Build flags: ;-mcpu=cortex-m3;-mthumb;-fmessage-length=0;-fsigned-char;-ffunction-sections;-fdata-sections;-ffreestanding;-flto;-fno-move-loop-invariants;-Wall;-Wextra;-fabi-version=0;-fno-exceptions;-fno-rtti;-fno-use-cxa-atexit;-fno-threadsafe-statics;
Id flags:  

The output was:
1
c:/gnu_arm_embedded/bin/../lib/gcc/arm-none-eabi/9.2.1/../../../../arm-none-eabi/bin/ld.exe: c:/gnu_arm_embedded/bin/../lib/gcc/arm-none-eabi/9.2.1/../../../../arm-none-eabi/lib/thumb/v7-m/nofp\libc.a(lib_a-exit.o): in function `exit':
exit.c:(.text.exit+0x16): undefined reference to `_exit'
collect2.exe: error: ld returned 1 exit status


The CXX compiler identification could not be found in "D:/Projects/vsc/boot/build/CMakeFiles/3.16.1/CompilerIdCXX/CMakeCXXCompilerId.o"

Compiling the CXX compiler identification source file "CMakeCXXCompilerId.cpp" failed.
Compiler: C:/gnu_arm_embedded/bin/arm-none-eabi-g++.exe 
Build flags: ;-mcpu=cortex-m3;-mthumb;-fmessage-length=0;-fsigned-char;-ffunction-sections;-fdata-sections;-ffreestanding;-flto;-fno-move-loop-invariants;-Wall;-Wextra;-fabi-version=0;-fno-exceptions;-fno-rtti;-fno-use-cxa-atexit;-fno-threadsafe-statics;
Id flags: --c++ 

The output was:
1
arm-none-eabi-g++.exe: error: unrecognized command line option '--c++'


Compiling the CXX compiler identification source file "CMakeCXXCompilerId.cpp" failed.
Compiler: C:/gnu_arm_embedded/bin/arm-none-eabi-g++.exe 
Build flags: ;-mcpu=cortex-m3;-mthumb;-fmessage-length=0;-fsigned-char;-ffunction-sections;-fdata-sections;-ffreestanding;-flto;-fno-move-loop-invariants;-Wall;-Wextra;-fabi-version=0;-fno-exceptions;-fno-rtti;-fno-use-cxa-atexit;-fno-threadsafe-statics;
Id flags: --ec++ 

The output was:
1
arm-none-eabi-g++.exe: error: unrecognized command line option '--ec++'; did you mean '-Weffc++'?


Compiling the CXX compiler identification source file "CMakeCXXCompilerId.cpp" failed.
Compiler: C:/gnu_arm_embedded/bin/arm-none-eabi-g++.exe 
Build flags: ;-mcpu=cortex-m3;-mthumb;-fmessage-length=0;-fsigned-char;-ffunction-sections;-fdata-sections;-ffreestanding;-flto;-fno-move-loop-invariants;-Wall;-Wextra;-fabi-version=0;-fno-exceptions;-fno-rtti;-fno-use-cxa-atexit;-fno-threadsafe-statics;
Id flags: --target=arm-arm-none-eabi;-mcpu=cortex-m3 

The output was:
1
arm-none-eabi-g++.exe: error: unrecognized command line option '--target=arm-arm-none-eabi'


Compiling the CXX compiler identification source file "CMakeCXXCompilerId.cpp" failed.
Compiler: C:/gnu_arm_embedded/bin/arm-none-eabi-g++.exe 
Build flags: 
Id flags:  

The output was:
1
c:/gnu_arm_embedded/bin/../lib/gcc/arm-none-eabi/9.2.1/../../../../arm-none-eabi/bin/ld.exe: c:/gnu_arm_embedded/bin/../lib/gcc/arm-none-eabi/9.2.1/../../../../arm-none-eabi/lib\libc.a(lib_a-exit.o): in function `exit':
exit.c:(.text.exit+0x2c): undefined reference to `_exit'
collect2.exe: error: ld returned 1 exit status


